2025-08-03 15:57:05:575 [31merror[39m: [31mTAP API error for creating invoice: {"errors":[{"code":"3108","description":"Order is empty"}],"http_code":"400"}[39m
2025-08-03 15:57:05:575 [31merror[39m: [31mError creating TAP invoice: Failed to create TAP invoice: 400 {"errors":[{"code":"3108","description":"Order is empty"}],"http_code":"400"}[39m
2025-08-03 15:57:05:575 [31merror[39m: [31mError creating invoice for order 2: Failed to create TAP invoice: 400 {"errors":[{"code":"3108","description":"Order is empty"}],"http_code":"400"}[39m
2025-08-03 15:57:05:575 [31merror[39m: [31mError creating Tap invoice for order 2: Failed to create TAP invoice: 400 {"errors":[{"code":"3108","description":"Order is empty"}],"http_code":"400"}[39m
2025-08-03 16:08:57:857 [31merror[39m: [31mTAP API error for creating invoice: {"errors":[{"code":"2401","description":"The backend service is currently unavailable"}]}[39m
2025-08-03 16:08:57:857 [31merror[39m: [31mError creating TAP invoice: Failed to create TAP invoice: 503 {"errors":[{"code":"2401","description":"The backend service is currently unavailable"}]}[39m
2025-08-03 16:08:57:857 [31merror[39m: [31mError creating invoice for order 2: Failed to create TAP invoice: 503 {"errors":[{"code":"2401","description":"The backend service is currently unavailable"}]}[39m
2025-08-03 16:08:57:857 [31merror[39m: [31mError creating Tap invoice for order 2: Failed to create TAP invoice: 503 {"errors":[{"code":"2401","description":"The backend service is currently unavailable"}]}[39m
2025-08-03 16:15:40:1540 [31merror[39m: [31mTAP API error for creating invoice: {"errors":[{"code":"3118","description":"Due date is invalid"}],"http_code":"400"}[39m
2025-08-03 16:15:40:1540 [31merror[39m: [31mError creating TAP invoice: Failed to create TAP invoice: 400 {"errors":[{"code":"3118","description":"Due date is invalid"}],"http_code":"400"}[39m
2025-08-03 16:15:40:1540 [31merror[39m: [31mError creating invoice for order 2: Failed to create TAP invoice: 400 {"errors":[{"code":"3118","description":"Due date is invalid"}],"http_code":"400"}[39m
2025-08-03 16:15:40:1540 [31merror[39m: [31mError creating Tap invoice for order 2: Failed to create TAP invoice: 400 {"errors":[{"code":"3118","description":"Due date is invalid"}],"http_code":"400"}[39m
2025-08-03 16:27:17:2717 [31merror[39m: [31mTAP API error for creating invoice: {"errors":[{"code":"2401","description":"The backend service is currently unavailable"}]}[39m
2025-08-03 16:27:17:2717 [31merror[39m: [31mError creating TAP invoice: Failed to create TAP invoice: 503 {"errors":[{"code":"2401","description":"The backend service is currently unavailable"}]}[39m
2025-08-03 16:27:17:2717 [31merror[39m: [31mError creating invoice for order 2: Failed to create TAP invoice: 503 {"errors":[{"code":"2401","description":"The backend service is currently unavailable"}]}[39m
2025-08-03 16:27:17:2717 [31merror[39m: [31mError creating Tap invoice for order 2: Failed to create TAP invoice: 503 {"errors":[{"code":"2401","description":"The backend service is currently unavailable"}]}[39m
2025-08-03 22:59:21:5921 [31merror[39m: [31mError fetching pricing data: Dynamic server usage: Route /pricing couldn't be rendered statically because it used revalidate: 0 fetch http://localhost:3000/api/pricing /pricing. See more info here: https://nextjs.org/docs/messages/dynamic-server-error[39m
2025-08-06 09:42:26:4226 [31merror[39m: [31mError fetching customer profile: Authentication required[39m
2025-08-06 09:49:29:4929 [31merror[39m: [31mTAP API error for creating invoice: {"errors":[{"code":"2401","description":"The backend service is currently unavailable"}]}[39m
2025-08-06 09:49:29:4929 [31merror[39m: [31mError creating TAP invoice: Failed to create TAP invoice: 503 {"errors":[{"code":"2401","description":"The backend service is currently unavailable"}]}[39m
2025-08-06 09:49:29:4929 [31merror[39m: [31mError creating invoice for order 7: Failed to create TAP invoice: 503 {"errors":[{"code":"2401","description":"The backend service is currently unavailable"}]}[39m
2025-08-06 09:49:29:4929 [31merror[39m: [31mError creating Tap invoice for order 7: Failed to create TAP invoice: 503 {"errors":[{"code":"2401","description":"The backend service is currently unavailable"}]}[39m
2025-08-06 09:49:29:4929 [31merror[39m: [31mError creating Tap invoice: Failed to create TAP invoice: 503 {"errors":[{"code":"2401","description":"The backend service is currently unavailable"}]}[39m
2025-08-06 09:52:42:5242 [31merror[39m: [31mError creating Tap token: Tap token creation failed: Unauthorized[39m
2025-08-06 09:52:42:5242 [31merror[39m: [31mDirect card payment error for order LL53533481: Failed to create Tap token[39m
2025-08-06 09:57:00:570 [31merror[39m: [31mTap token creation failed:[39m
2025-08-06 09:57:00:570 [31merror[39m: [31mError creating Tap token: Tap token creation failed: Unauthorized[39m
2025-08-06 09:57:00:570 [31merror[39m: [31mDirect card payment error for order LL53533481: Tap token creation failed: Unauthorized[39m
2025-08-06 09:57:30:5730 [31merror[39m: [31mTap token creation failed:[39m
2025-08-06 09:57:30:5730 [31merror[39m: [31mError creating Tap token: Tap token creation failed: Unauthorized[39m
2025-08-06 09:57:30:5730 [31merror[39m: [31mDirect card payment error for order LL53533481: Tap token creation failed: Unauthorized[39m
2025-08-06 10:16:00:160 [31merror[39m: [31mError creating Tap charge: Tap charge creation failed: Bad Request[39m
2025-08-06 10:16:00:160 [31merror[39m: [31mDirect card payment error for order LL53533481: Failed to create Tap charge[39m
2025-08-06 20:49:04:494 [31merror[39m: [31mTap charge creation failed with error data:[39m
2025-08-06 20:49:04:494 [31merror[39m: [31mError creating Tap charge: Tap charge creation failed: [object Object][39m
2025-08-06 20:49:04:494 [31merror[39m: [31mDirect card payment error for order LL53533481: Tap charge creation failed: [object Object][39m
2025-08-06 20:51:49:5149 [31merror[39m: [31mTap charge creation failed with error data:[39m
2025-08-06 20:51:49:5149 [31merror[39m: [31mError creating Tap charge: Tap charge creation failed: [object Object][39m
2025-08-06 20:51:49:5149 [31merror[39m: [31mDirect card payment error for order LL53533481: Tap charge creation failed: [object Object][39m
2025-08-06 20:55:45:5545 [31merror[39m: [31mTap charge creation failed with error data:[39m
2025-08-06 20:55:45:5545 [31merror[39m: [31mError creating Tap charge: Tap charge creation failed: [object Object][39m
2025-08-06 20:55:45:5545 [31merror[39m: [31mDirect card payment error for order LL53533481: Tap charge creation failed: [object Object][39m
2025-08-06 22:03:54:354 [31merror[39m: [31mError retrieving Tap charge: Tap charge retrieval failed: Too Many Requests[39m
2025-08-06 22:03:54:354 [31merror[39m: [31mError checking payment status on attempt 9: Failed to retrieve Tap charge[39m
2025-08-07 13:07:21:721 [31merror[39m: [31mPayment record not found for Tap webhook:[39m
2025-08-07 14:49:15:4915 [31merror[39m: [31mTAP API error for creating invoice: {"errors":[{"code":"3118","description":"Due date is invalid"}],"http_code":"400"}[39m
2025-08-07 14:49:15:4915 [31merror[39m: [31mError creating TAP invoice: Failed to create TAP invoice: 400 {"errors":[{"code":"3118","description":"Due date is invalid"}],"http_code":"400"}[39m
2025-08-07 14:49:15:4915 [31merror[39m: [31mError creating invoice for order 4: Failed to create TAP invoice: 400 {"errors":[{"code":"3118","description":"Due date is invalid"}],"http_code":"400"}[39m
2025-08-07 14:49:15:4915 [31merror[39m: [31mError creating Tap invoice for order 4: Failed to create TAP invoice: 400 {"errors":[{"code":"3118","description":"Due date is invalid"}],"http_code":"400"}[39m
2025-08-07 14:49:15:4915 [31merror[39m: [31mError creating Tap invoice: Failed to create TAP invoice: 400 {"errors":[{"code":"3118","description":"Due date is invalid"}],"http_code":"400"}[39m
2025-08-07 14:52:28:5228 [31merror[39m: [31mTAP API error for creating invoice: {"errors":[{"code":"3118","description":"Due date is invalid"}],"http_code":"400"}[39m
2025-08-07 14:52:28:5228 [31merror[39m: [31mError creating TAP invoice: Failed to create TAP invoice: 400 {"errors":[{"code":"3118","description":"Due date is invalid"}],"http_code":"400"}[39m
2025-08-07 14:52:28:5228 [31merror[39m: [31mError creating invoice for order 4: Failed to create TAP invoice: 400 {"errors":[{"code":"3118","description":"Due date is invalid"}],"http_code":"400"}[39m
2025-08-07 14:52:28:5228 [31merror[39m: [31mError creating Tap invoice for order 4: Failed to create TAP invoice: 400 {"errors":[{"code":"3118","description":"Due date is invalid"}],"http_code":"400"}[39m
2025-08-07 14:52:28:5228 [31merror[39m: [31mError creating Tap invoice: Failed to create TAP invoice: 400 {"errors":[{"code":"3118","description":"Due date is invalid"}],"http_code":"400"}[39m
2025-08-07 14:54:34:5434 [31merror[39m: [31mTAP API error for creating invoice: {"errors":[{"code":"3118","description":"Due date is invalid"}],"http_code":"400"}[39m
2025-08-07 14:54:34:5434 [31merror[39m: [31mError creating TAP invoice: Failed to create TAP invoice: 400 {"errors":[{"code":"3118","description":"Due date is invalid"}],"http_code":"400"}[39m
2025-08-07 14:54:34:5434 [31merror[39m: [31mError creating invoice for order 4: Failed to create TAP invoice: 400 {"errors":[{"code":"3118","description":"Due date is invalid"}],"http_code":"400"}[39m
2025-08-07 14:54:34:5434 [31merror[39m: [31mError creating Tap invoice for order 4: Failed to create TAP invoice: 400 {"errors":[{"code":"3118","description":"Due date is invalid"}],"http_code":"400"}[39m
2025-08-07 14:54:34:5434 [31merror[39m: [31mError creating Tap invoice: Failed to create TAP invoice: 400 {"errors":[{"code":"3118","description":"Due date is invalid"}],"http_code":"400"}[39m
2025-08-07 14:55:36:5536 [31merror[39m: [31mTAP API error for creating invoice: {"errors":[{"code":"3119","description":"Expiry date is invalid"}],"http_code":"400"}[39m
2025-08-07 14:55:36:5536 [31merror[39m: [31mError creating TAP invoice: Failed to create TAP invoice: 400 {"errors":[{"code":"3119","description":"Expiry date is invalid"}],"http_code":"400"}[39m
2025-08-07 14:55:36:5536 [31merror[39m: [31mError creating invoice for order 4: Failed to create TAP invoice: 400 {"errors":[{"code":"3119","description":"Expiry date is invalid"}],"http_code":"400"}[39m
2025-08-07 14:55:36:5536 [31merror[39m: [31mError creating Tap invoice for order 4: Failed to create TAP invoice: 400 {"errors":[{"code":"3119","description":"Expiry date is invalid"}],"http_code":"400"}[39m
2025-08-07 14:55:36:5536 [31merror[39m: [31mError creating Tap invoice: Failed to create TAP invoice: 400 {"errors":[{"code":"3119","description":"Expiry date is invalid"}],"http_code":"400"}[39m
2025-08-07 14:55:57:5557 [31merror[39m: [31mTAP API error for creating invoice: {"errors":[{"code":"3119","description":"Expiry date is invalid"}],"http_code":"400"}[39m
2025-08-07 14:55:57:5557 [31merror[39m: [31mError creating TAP invoice: Failed to create TAP invoice: 400 {"errors":[{"code":"3119","description":"Expiry date is invalid"}],"http_code":"400"}[39m
2025-08-07 14:55:57:5557 [31merror[39m: [31mError creating invoice for order 4: Failed to create TAP invoice: 400 {"errors":[{"code":"3119","description":"Expiry date is invalid"}],"http_code":"400"}[39m
2025-08-07 14:55:57:5557 [31merror[39m: [31mError creating Tap invoice for order 4: Failed to create TAP invoice: 400 {"errors":[{"code":"3119","description":"Expiry date is invalid"}],"http_code":"400"}[39m
2025-08-07 14:55:57:5557 [31merror[39m: [31mError creating Tap invoice: Failed to create TAP invoice: 400 {"errors":[{"code":"3119","description":"Expiry date is invalid"}],"http_code":"400"}[39m
2025-08-07 14:59:03:593 [31merror[39m: [31mError creating TAP invoice: fetch failed[39m
2025-08-07 14:59:03:593 [31merror[39m: [31mError creating invoice for order 4: fetch failed[39m
2025-08-07 14:59:03:593 [31merror[39m: [31mError creating Tap invoice for order 4: fetch failed[39m
2025-08-07 14:59:03:593 [31merror[39m: [31mError creating Tap invoice: fetch failed[39m
2025-08-07 14:59:04:594 [31merror[39m: [31mError sending invoice generation notification: getaddrinfo ENOTFOUND api.sendgrid.com[39m
2025-08-07 20:00:42:042 [31merror[39m: [31mTAP API error for creating invoice: {"errors":[{"code":"3119","description":"Your account is pending approval."}],"http_code":"400 BAD_REQUEST"}[39m
2025-08-07 20:42:59:4259 [31merror[39m: [31mError creating TAP invoice: Failed to create TAP invoice: 400 {"errors":[{"code":"3119","description":"Your account is pending approval."}],"http_code":"400 BAD_REQUEST"}[39m
2025-08-07 20:42:59:4259 [31merror[39m: [31mError creating invoice for order 4: Failed to create TAP invoice: 400 {"errors":[{"code":"3119","description":"Your account is pending approval."}],"http_code":"400 BAD_REQUEST"}[39m
2025-08-07 20:42:59:4259 [31merror[39m: [31mError creating Tap invoice for order 4: Failed to create TAP invoice: 400 {"errors":[{"code":"3119","description":"Your account is pending approval."}],"http_code":"400 BAD_REQUEST"}[39m
2025-08-07 20:42:59:4259 [31merror[39m: [31mError creating Tap invoice: Failed to create TAP invoice: 400 {"errors":[{"code":"3119","description":"Your account is pending approval."}],"http_code":"400 BAD_REQUEST"}[39m
2025-08-07 20:47:46:4746 [31merror[39m: [31mError retrieving Tap charge: Tap charge retrieval failed: Too Many Requests[39m
2025-08-07 20:47:46:4746 [31merror[39m: [31mError checking payment status on attempt 9: Failed to retrieve Tap charge[39m
2025-08-07 20:54:52:5452 [31merror[39m: [31mError retrieving Tap charge: Tap charge retrieval failed: Too Many Requests[39m
2025-08-07 20:54:52:5452 [31merror[39m: [31mError checking payment status on attempt 9: Failed to retrieve Tap charge[39m
2025-08-08 08:56:00:560 [31merror[39m: [31mTAP API error for creating invoice: {"errors":[{"code":"3119","description":"Your account is pending approval."}],"http_code":"400 BAD_REQUEST"}[39m
2025-08-08 08:56:02:562 [31merror[39m: [31mError creating TAP invoice: Failed to create TAP invoice: 400 {"errors":[{"code":"3119","description":"Your account is pending approval."}],"http_code":"400 BAD_REQUEST"}[39m
2025-08-08 08:56:02:562 [31merror[39m: [31mError creating invoice for order 8: Failed to create TAP invoice: 400 {"errors":[{"code":"3119","description":"Your account is pending approval."}],"http_code":"400 BAD_REQUEST"}[39m
2025-08-08 08:56:02:562 [31merror[39m: [31mError creating Tap invoice for order 8: Failed to create TAP invoice: 400 {"errors":[{"code":"3119","description":"Your account is pending approval."}],"http_code":"400 BAD_REQUEST"}[39m
2025-08-08 08:56:02:562 [31merror[39m: [31mError creating Tap invoice: Failed to create TAP invoice: 400 {"errors":[{"code":"3119","description":"Your account is pending approval."}],"http_code":"400 BAD_REQUEST"}[39m
2025-08-08 09:06:11:611 [31merror[39m: [31mSplit payment error for order LL23112010: Transaction API error: Transaction already closed: A commit cannot be executed on an expired transaction. The timeout for this transaction was 5000 ms, however 5851 ms passed since the start of the transaction. Consider increasing the interactive transaction timeout or doing less work in the transaction.[39m
2025-08-08 09:14:56:1456 [31merror[39m: [31mTap charge creation failed with error data:[39m
2025-08-08 09:14:56:1456 [31merror[39m: [31mError creating Tap charge: Tap charge creation failed: [object Object][39m
2025-08-08 09:16:13:1613 [31merror[39m: [31mError processing Tap payment: Tap charge creation failed: [object Object][39m
2025-08-08 09:16:13:1613 [31merror[39m: [31mError processing wallet top-up: Tap charge creation failed: [object Object][39m
2025-08-08 09:21:31:2131 [31merror[39m: [31mError processing Tap webhook: Unexpected end of JSON input[39m
2025-08-08 09:21:51:2151 [31merror[39m: [31mError processing Tap webhook: Unexpected end of JSON input[39m
2025-08-08 20:36:52:3652 [31merror[39m: [31mTAP API error for creating invoice: {"errors":[{"code":"3119","description":"Your account is pending approval."}],"http_code":"400 BAD_REQUEST"}[39m
2025-08-08 20:36:52:3652 [31merror[39m: [31mError creating TAP invoice: Failed to create TAP invoice: 400 {"errors":[{"code":"3119","description":"Your account is pending approval."}],"http_code":"400 BAD_REQUEST"}[39m
2025-08-08 20:36:52:3652 [31merror[39m: [31mError creating invoice for order 9: Failed to create TAP invoice: 400 {"errors":[{"code":"3119","description":"Your account is pending approval."}],"http_code":"400 BAD_REQUEST"}[39m
2025-08-08 20:36:52:3652 [31merror[39m: [31mError creating Tap invoice for order 9: Failed to create TAP invoice: 400 {"errors":[{"code":"3119","description":"Your account is pending approval."}],"http_code":"400 BAD_REQUEST"}[39m
2025-08-08 20:36:52:3652 [31merror[39m: [31mError creating Tap invoice: Failed to create TAP invoice: 400 {"errors":[{"code":"3119","description":"Your account is pending approval."}],"http_code":"400 BAD_REQUEST"}[39m
2025-08-08 21:06:42:642 [31merror[39m: [31mTap charge creation failed with error data:[39m
2025-08-08 21:06:42:642 [31merror[39m: [31mError creating Tap charge: Tap charge creation failed: [object Object][39m
2025-08-08 21:06:42:642 [31merror[39m: [31mError processing Tap payment: Tap charge creation failed: [object Object][39m
2025-08-08 21:06:42:642 [31merror[39m: [31mError processing wallet top-up: Tap charge creation failed: [object Object][39m
2025-08-08 21:06:57:657 [31merror[39m: [31mTAP API error for creating invoice: {"errors":[{"code":"2401","description":"The backend service is currently unavailable"}]}[39m
2025-08-08 21:06:57:657 [31merror[39m: [31mError creating TAP invoice: Failed to create TAP invoice: 503 {"errors":[{"code":"2401","description":"The backend service is currently unavailable"}]}[39m
2025-08-08 21:06:57:657 [31merror[39m: [31mError creating invoice for order 10: Failed to create TAP invoice: 503 {"errors":[{"code":"2401","description":"The backend service is currently unavailable"}]}[39m
2025-08-08 21:06:57:657 [31merror[39m: [31mError creating Tap invoice for order 10: Failed to create TAP invoice: 503 {"errors":[{"code":"2401","description":"The backend service is currently unavailable"}]}[39m
2025-08-08 21:06:57:657 [31merror[39m: [31mError creating Tap invoice: Failed to create TAP invoice: 503 {"errors":[{"code":"2401","description":"The backend service is currently unavailable"}]}[39m
2025-08-08 23:07:49:749 [31merror[39m: [31mError fetching wallet quick slots config: (0 , _lib_adminAuth__WEBPACK_IMPORTED_MODULE_2__.verifyAdminAuth) is not a function[39m
2025-08-08 23:07:49:749 [31merror[39m: [31mError fetching wallet quick slots config: (0 , _lib_adminAuth__WEBPACK_IMPORTED_MODULE_2__.verifyAdminAuth) is not a function[39m
2025-08-08 23:08:19:819 [31merror[39m: [31mError fetching wallet quick slots config: (0 , _lib_adminAuth__WEBPACK_IMPORTED_MODULE_2__.verifyAdminAuth) is not a function[39m
2025-08-08 23:08:19:819 [31merror[39m: [31mError fetching wallet quick slots config: (0 , _lib_adminAuth__WEBPACK_IMPORTED_MODULE_2__.verifyAdminAuth) is not a function[39m
2025-08-08 23:14:57:1457 [31merror[39m: [31mError fetching wallet quick slots config: (0 , _lib_adminAuth__WEBPACK_IMPORTED_MODULE_2__.verifyAdminAuth) is not a function[39m
2025-08-08 23:14:57:1457 [31merror[39m: [31mError fetching wallet quick slots config: (0 , _lib_adminAuth__WEBPACK_IMPORTED_MODULE_2__.verifyAdminAuth) is not a function[39m
